<?xml version="1.0" encoding="UTF-8"?>
<!-- Generated by org.testng.reporters.JUnitXMLReporter -->
<testsuite ignored="0" hostname="user-PC" failures="2" tests="27" name="Different testng Feature Test" time="111.657" errors="0" timestamp="2019-11-14T18:59:34 IST">
  <testcase classname="testNg.GoogleTest" name="@BeforeMethod setup" time="45.986">
    <failure type="org.openqa.selenium.TimeoutException" message="timeout
  (Session info: chrome=78.0.3904.97)
Build info: version: &amp;apos;3.141.59&amp;apos;, revision: &amp;apos;e82be7d358&amp;apos;, time: &amp;apos;2018-11-14T08:25:48&amp;apos;
System info: host: &amp;apos;USER-PC&amp;apos;, ip: &amp;apos;192.168.0.128&amp;apos;, os.name: &amp;apos;Windows 7&amp;apos;, os.arch: &amp;apos;amd64&amp;apos;, os.version: &amp;apos;6.1&amp;apos;, java.version: &amp;apos;12.0.2&amp;apos;
Driver info: org.openqa.selenium.chrome.ChromeDriver
Capabilities {acceptInsecureCerts: false, browserName: chrome, browserVersion: 78.0.3904.97, chrome: {chromedriverVersion: 78.0.3904.70 (edb9c9f3de024..., userDataDir: C:\Users\SUKHWI~1\AppData\L...}, goog:chromeOptions: {debuggerAddress: localhost:63230}, javascriptEnabled: true, networkConnectionEnabled: false, pageLoadStrategy: normal, platform: XP, platformName: XP, proxy: Proxy(), setWindowRect: true, strictFileInteractability: false, timeouts: {implicit: 0, pageLoad: 300000, script: 30000}, unhandledPromptBehavior: dismiss and notify}
Session ID: fc1c6c0c43d2db11a66ae4f45ba1967a">
      <![CDATA[org.openqa.selenium.TimeoutException: timeout
  (Session info: chrome=78.0.3904.97)
Build info: version: '3.141.59', revision: 'e82be7d358', time: '2018-11-14T08:25:48'
System info: host: 'USER-PC', ip: '192.168.0.128', os.name: 'Windows 7', os.arch: 'amd64', os.version: '6.1', java.version: '12.0.2'
Driver info: org.openqa.selenium.chrome.ChromeDriver
Capabilities {acceptInsecureCerts: false, browserName: chrome, browserVersion: 78.0.3904.97, chrome: {chromedriverVersion: 78.0.3904.70 (edb9c9f3de024..., userDataDir: C:\Users\SUKHWI~1\AppData\L...}, goog:chromeOptions: {debuggerAddress: localhost:63230}, javascriptEnabled: true, networkConnectionEnabled: false, pageLoadStrategy: normal, platform: XP, platformName: XP, proxy: Proxy(), setWindowRect: true, strictFileInteractability: false, timeouts: {implicit: 0, pageLoad: 300000, script: 30000}, unhandledPromptBehavior: dismiss and notify}
Session ID: fc1c6c0c43d2db11a66ae4f45ba1967a
at org.openqa.selenium.remote.http.W3CHttpResponseCodec.createException(W3CHttpResponseCodec.java:187)
at org.openqa.selenium.remote.http.W3CHttpResponseCodec.decode(W3CHttpResponseCodec.java:122)
at org.openqa.selenium.remote.http.W3CHttpResponseCodec.decode(W3CHttpResponseCodec.java:49)
at org.openqa.selenium.remote.HttpCommandExecutor.execute(HttpCommandExecutor.java:158)
at org.openqa.selenium.remote.service.DriverCommandExecutor.execute(DriverCommandExecutor.java:83)
at org.openqa.selenium.remote.RemoteWebDriver.execute(RemoteWebDriver.java:552)
at org.openqa.selenium.remote.RemoteWebDriver.get(RemoteWebDriver.java:277)
at testNg.GoogleTest.setup(GoogleTest.java:22)
at java.base/java.util.ArrayList.forEach(ArrayList.java:1540)
... Removed 36 stack frames]]>
    </failure>
  </testcase> <!-- @BeforeMethod setup -->
  <testcase classname="testNg.GoogleTest" name="@AfterMethod tearDown" time="-1.573738129052E9">
    <skipped/>
  </testcase> <!-- @AfterMethod tearDown -->
  <testcase classname="testNg.GoogleTest" name="@BeforeMethod setup" time="-1.573738129058E9">
    <skipped/>
  </testcase> <!-- @BeforeMethod setup -->
  <testcase classname="testNg.GoogleTest" name="@AfterMethod tearDown" time="-1.573738129074E9">
    <skipped/>
  </testcase> <!-- @AfterMethod tearDown -->
  <testcase classname="testNg.GoogleTest" name="@BeforeMethod setup" time="-1.573738129077E9">
    <skipped/>
  </testcase> <!-- @BeforeMethod setup -->
  <testcase classname="testNg.GoogleTest" name="@AfterMethod tearDown" time="-1.573738129093E9">
    <skipped/>
  </testcase> <!-- @AfterMethod tearDown -->
  <testcase classname="testNg.GoogleTest" name="@BeforeMethod setup" time="-1.573738129094E9">
    <skipped/>
  </testcase> <!-- @BeforeMethod setup -->
  <testcase classname="testNg.GoogleTest" name="@AfterMethod tearDown" time="-1.573738129113E9">
    <skipped/>
  </testcase> <!-- @AfterMethod tearDown -->
  <testcase classname="testNg.GoogleTitleTest" name="@BeforeMethod setup" time="44.777">
    <failure type="org.openqa.selenium.TimeoutException" message="timeout
  (Session info: chrome=78.0.3904.97)
Build info: version: &amp;apos;3.141.59&amp;apos;, revision: &amp;apos;e82be7d358&amp;apos;, time: &amp;apos;2018-11-14T08:25:48&amp;apos;
System info: host: &amp;apos;USER-PC&amp;apos;, ip: &amp;apos;192.168.0.128&amp;apos;, os.name: &amp;apos;Windows 7&amp;apos;, os.arch: &amp;apos;amd64&amp;apos;, os.version: &amp;apos;6.1&amp;apos;, java.version: &amp;apos;12.0.2&amp;apos;
Driver info: org.openqa.selenium.chrome.ChromeDriver
Capabilities {acceptInsecureCerts: false, browserName: chrome, browserVersion: 78.0.3904.97, chrome: {chromedriverVersion: 78.0.3904.70 (edb9c9f3de024..., userDataDir: C:\Users\SUKHWI~1\AppData\L...}, goog:chromeOptions: {debuggerAddress: localhost:63288}, javascriptEnabled: true, networkConnectionEnabled: false, pageLoadStrategy: normal, platform: XP, platformName: XP, proxy: Proxy(), setWindowRect: true, strictFileInteractability: false, timeouts: {implicit: 0, pageLoad: 300000, script: 30000}, unhandledPromptBehavior: dismiss and notify}
Session ID: 74e1e7fd5966c39ce71794960a84c39c">
      <![CDATA[org.openqa.selenium.TimeoutException: timeout
  (Session info: chrome=78.0.3904.97)
Build info: version: '3.141.59', revision: 'e82be7d358', time: '2018-11-14T08:25:48'
System info: host: 'USER-PC', ip: '192.168.0.128', os.name: 'Windows 7', os.arch: 'amd64', os.version: '6.1', java.version: '12.0.2'
Driver info: org.openqa.selenium.chrome.ChromeDriver
Capabilities {acceptInsecureCerts: false, browserName: chrome, browserVersion: 78.0.3904.97, chrome: {chromedriverVersion: 78.0.3904.70 (edb9c9f3de024..., userDataDir: C:\Users\SUKHWI~1\AppData\L...}, goog:chromeOptions: {debuggerAddress: localhost:63288}, javascriptEnabled: true, networkConnectionEnabled: false, pageLoadStrategy: normal, platform: XP, platformName: XP, proxy: Proxy(), setWindowRect: true, strictFileInteractability: false, timeouts: {implicit: 0, pageLoad: 300000, script: 30000}, unhandledPromptBehavior: dismiss and notify}
Session ID: 74e1e7fd5966c39ce71794960a84c39c
at org.openqa.selenium.remote.http.W3CHttpResponseCodec.createException(W3CHttpResponseCodec.java:187)
at org.openqa.selenium.remote.http.W3CHttpResponseCodec.decode(W3CHttpResponseCodec.java:122)
at org.openqa.selenium.remote.http.W3CHttpResponseCodec.decode(W3CHttpResponseCodec.java:49)
at org.openqa.selenium.remote.HttpCommandExecutor.execute(HttpCommandExecutor.java:158)
at org.openqa.selenium.remote.service.DriverCommandExecutor.execute(DriverCommandExecutor.java:83)
at org.openqa.selenium.remote.RemoteWebDriver.execute(RemoteWebDriver.java:552)
at org.openqa.selenium.remote.RemoteWebDriver.get(RemoteWebDriver.java:277)
at testNg.GoogleTitleTest.setup(GoogleTitleTest.java:24)
at java.base/java.util.ArrayList.forEach(ArrayList.java:1540)
... Removed 36 stack frames]]>
    </failure>
  </testcase> <!-- @BeforeMethod setup -->
  <testcase classname="testNg.GoogleTitleTest" name="@AfterMethod tearDown" time="-1.573738173918E9">
    <skipped/>
  </testcase> <!-- @AfterMethod tearDown -->
  <testcase classname="testNg.GoogleTitleTest" name="@BeforeMethod setup" time="-1.57373817392E9">
    <skipped/>
  </testcase> <!-- @BeforeMethod setup -->
  <testcase classname="testNg.GoogleTitleTest" name="@AfterMethod tearDown" time="-1.573738173929E9">
    <skipped/>
  </testcase> <!-- @AfterMethod tearDown -->
  <testcase classname="testNg.ExceptionTimeOutTest" name="infiniteLoopTest" time="2.039">
    <failure type="org.testng.TestException" message="
Expected exception of type class java.lang.NumberFormatException but got org.testng.internal.thread.ThreadTimeoutException: Method testNg.ExceptionTimeOutTest.infiniteLoopTest() didn&amp;apos;t finish within the time-out 2000">
      <![CDATA[org.testng.TestException: 
at java.base/java.util.ArrayList.forEach(ArrayList.java:1540)
at java.base@12.0.2/java.io.FileOutputStream.writeBytes(Native Method)
at java.base@12.0.2/java.io.FileOutputStream.write(FileOutputStream.java:348)
at java.base@12.0.2/java.io.BufferedOutputStream.flushBuffer(BufferedOutputStream.java:81)
at java.base@12.0.2/java.io.BufferedOutputStream.flush(BufferedOutputStream.java:142)
at java.base@12.0.2/java.io.PrintStream.write(PrintStream.java:561)
at java.base@12.0.2/sun.nio.cs.StreamEncoder.writeBytes(StreamEncoder.java:233)
at java.base@12.0.2/sun.nio.cs.StreamEncoder.implFlushBuffer(StreamEncoder.java:312)
at java.base@12.0.2/sun.nio.cs.StreamEncoder.flushBuffer(StreamEncoder.java:104)
at java.base@12.0.2/java.io.OutputStreamWriter.flushBuffer(OutputStreamWriter.java:184)
at java.base@12.0.2/java.io.PrintStream.write(PrintStream.java:606)
at java.base@12.0.2/java.io.PrintStream.print(PrintStream.java:676)
at java.base@12.0.2/java.io.PrintStream.println(PrintStream.java:812)
at app//testNg.ExceptionTimeOutTest.infiniteLoopTest(ExceptionTimeOutTest.java:12)
at java.base@12.0.2/java.util.concurrent.Executors$RunnableAdapter.call(Executors.java:515)
at java.base@12.0.2/java.util.concurrent.FutureTask.run(FutureTask.java:264)
at java.base@12.0.2/java.util.concurrent.ThreadPoolExecutor.runWorker(ThreadPoolExecutor.java:1128)
at java.base@12.0.2/java.util.concurrent.ThreadPoolExecutor$Worker.run(ThreadPoolExecutor.java:628)
at java.base@12.0.2/java.lang.Thread.run(Thread.java:835)
... Removed 33 stack frames]]>
    </failure>
  </testcase> <!-- infiniteLoopTest -->
  <testcase classname="testNg.ExceptionTimeOutTest" name="test1" time="0.003"/>
  <testcase classname="testNg.GoogleTest" name="googleTitleTest" time="0.074"/>
  <testcase classname="testNg.GoogleTest" name="googleLogoTest" time="0.174"/>
  <testcase classname="testNg.GoogleTest" name="mailLinkTest" time="0.0">
    <skipped/>
  </testcase> <!-- mailLinkTest -->
  <testcase classname="testNg.GoogleTest" name="test1" time="0.0">
    <skipped/>
  </testcase> <!-- test1 -->
  <testcase classname="testNg.GoogleTest" name="test2" time="0.0">
    <skipped/>
  </testcase> <!-- test2 -->
  <testcase classname="testNg.GoogleTest" name="test3" time="0.0">
    <skipped/>
  </testcase> <!-- test3 -->
  <testcase classname="testNg.GoogleTitleTest" name="googleLogoTest" time="0.0">
    <skipped/>
  </testcase> <!-- googleLogoTest -->
  <testcase classname="testNg.GoogleTitleTest" name="googleTitleTest" time="0.0">
    <skipped/>
  </testcase> <!-- googleTitleTest -->
  <testcase classname="testNg.InvocationCountTest" name="sum" time="0.115"/>
  <testcase classname="testNg.InvocationCountTest" name="sum" time="0.0"/>
  <testcase classname="testNg.InvocationCountTest" name="sum" time="0.0"/>
  <testcase classname="testNg.InvocationCountTest" name="sum" time="0.0"/>
  <testcase classname="testNg.InvocationCountTest" name="sum" time="0.0"/>
  <testcase classname="testNg.InvocationCountTest" name="sum" time="0.0"/>
  <testcase classname="testNg.InvocationCountTest" name="sum" time="0.0"/>
  <testcase classname="testNg.InvocationCountTest" name="sum" time="0.0"/>
  <testcase classname="testNg.InvocationCountTest" name="sum" time="0.0"/>
  <testcase classname="testNg.InvocationCountTest" name="sum" time="0.0"/>
  <testcase classname="testNg.TestNgBasics" name="googleLogoTest" time="0.0"/>
  <testcase classname="testNg.TestNgBasics" name="googleTitleTest" time="0.0"/>
  <testcase classname="testNg.TestNgBasics" name="searchTest" time="0.0"/>
  <testcase classname="testNg.TestNgFeatures" name="loginTest" time="0.509">
    <failure type="java.lang.ArithmeticException" message="/ by zero">
      <![CDATA[java.lang.ArithmeticException: / by zero
at testNg.TestNgFeatures.loginTest(TestNgFeatures.java:10)
at java.base/java.util.ArrayList.forEach(ArrayList.java:1540)
... Removed 27 stack frames]]>
    </failure>
  </testcase> <!-- loginTest -->
  <testcase classname="testNg.TestNgFeatures" name="HomePageTest" time="0.0">
    <skipped/>
  </testcase> <!-- HomePageTest -->
  <testcase classname="testNg.TestNgFeatures" name="RegPageTest" time="0.0">
    <skipped/>
  </testcase> <!-- RegPageTest -->
  <testcase classname="testNg.TestNgFeatures" name="SearchPageTest" time="0.0">
    <skipped/>
  </testcase> <!-- SearchPageTest -->
</testsuite> <!-- Different testng Feature Test -->
